Configuring client-0.1.0.0...
Preprocessing library client-0.1.0.0...
[1 of 2] Compiling Lib              ( src/Lib.hs, .stack-work/dist/x86_64-osx/Cabal-1.24.0.0/build/Lib.o )
[2 of 2] Compiling Client           ( src/Client.hs, .stack-work/dist/x86_64-osx/Cabal-1.24.0.0/build/Client.o )

src/Client.hs:22:19: error:
    Not in scope: type constructor or class ‘API’

src/Client.hs:29:32: error:
    Not in scope: type constructor or class ‘File’

src/Client.hs:30:11: error:
    Not in scope: type constructor or class ‘File’

src/Client.hs:30:27: error:
    Not in scope: type constructor or class ‘ResponseMessage’

src/Client.hs:31:29: error:
    Not in scope: type constructor or class ‘ResponseMessage’

src/Client.hs:32:11: error:
    Not in scope: type constructor or class ‘File’

src/Client.hs:32:27: error:
    Not in scope: type constructor or class ‘File’

src/Client.hs:33:22: error:
    Not in scope: type constructor or class ‘File’

src/Client.hs:45:1: error:
    The type signature for ‘getFile’ lacks an accompanying binding

src/Client.hs:45:30: error:
    Not in scope: type constructor or class ‘FileObject’
